[21-Nov-2024 18:43:31 Europe/Berlin] PHP Fatal error:  Uncaught mysqli_sql_exception: Access denied for user 'root'@'localhost' (using password: YES) in C:\xampp\htdocs\Ejercicios_Tema4(parte2)\Ejercicio6\datos_conexion.php:21
Stack trace:
#0 C:\xampp\htdocs\Ejercicios_Tema4(parte2)\Ejercicio6\datos_conexion.php(21): mysqli_connect('localhost', 'root', Object(SensitiveParameterValue), 'curso_php')
#1 {main}
  thrown in C:\xampp\htdocs\Ejercicios_Tema4(parte2)\Ejercicio6\datos_conexion.php on line 21
[21-Nov-2024 18:43:31 Europe/Berlin] PHP Fatal error:  Uncaught mysqli_sql_exception: Access denied for user 'root'@'localhost' (using password: YES) in C:\xampp\htdocs\Ejercicios_Tema4(parte2)\Ejercicio6\datos_conexion.php:21
Stack trace:
#0 C:\xampp\htdocs\Ejercicios_Tema4(parte2)\Ejercicio6\datos_conexion.php(21): mysqli_connect('localhost', 'root', Object(SensitiveParameterValue), 'curso_php')
#1 {main}
  thrown in C:\xampp\htdocs\Ejercicios_Tema4(parte2)\Ejercicio6\datos_conexion.php on line 21
[21-Nov-2024 18:44:17 Europe/Berlin] PHP Fatal error:  Uncaught mysqli_sql_exception: Access denied for user 'root'@'localhost' (using password: YES) in C:\xampp\htdocs\Ejercicios_Tema4(parte2)\Ejercicio6\datos_conexion.php:21
Stack trace:
#0 C:\xampp\htdocs\Ejercicios_Tema4(parte2)\Ejercicio6\datos_conexion.php(21): mysqli_connect('localhost', 'root', Object(SensitiveParameterValue), 'curso_php')
#1 {main}
  thrown in C:\xampp\htdocs\Ejercicios_Tema4(parte2)\Ejercicio6\datos_conexion.php on line 21
[21-Nov-2024 18:44:17 Europe/Berlin] PHP Fatal error:  Uncaught mysqli_sql_exception: Access denied for user 'root'@'localhost' (using password: YES) in C:\xampp\htdocs\Ejercicios_Tema4(parte2)\Ejercicio6\datos_conexion.php:21
Stack trace:
#0 C:\xampp\htdocs\Ejercicios_Tema4(parte2)\Ejercicio6\datos_conexion.php(21): mysqli_connect('localhost', 'root', Object(SensitiveParameterValue), 'curso_php')
#1 {main}
  thrown in C:\xampp\htdocs\Ejercicios_Tema4(parte2)\Ejercicio6\datos_conexion.php on line 21
[25-Nov-2024 13:05:41 Europe/Berlin] PHP Fatal error:  Uncaught mysqli_sql_exception: Access denied for user 'root'@'localhost' (using password: YES) in C:\xampp\htdocs\Ejercicios_Tema4_4.5\Ejercicio6\datos_conexion.php:21
Stack trace:
#0 C:\xampp\htdocs\Ejercicios_Tema4_4.5\Ejercicio6\datos_conexion.php(21): mysqli_connect('localhost', 'root', Object(SensitiveParameterValue), 'curso_php')
#1 {main}
  thrown in C:\xampp\htdocs\Ejercicios_Tema4_4.5\Ejercicio6\datos_conexion.php on line 21
[25-Nov-2024 13:05:41 Europe/Berlin] PHP Fatal error:  Uncaught mysqli_sql_exception: Access denied for user 'root'@'localhost' (using password: YES) in C:\xampp\htdocs\Ejercicios_Tema4_4.5\Ejercicio6\datos_conexion.php:21
Stack trace:
#0 C:\xampp\htdocs\Ejercicios_Tema4_4.5\Ejercicio6\datos_conexion.php(21): mysqli_connect('localhost', 'root', Object(SensitiveParameterValue), 'curso_php')
#1 {main}
  thrown in C:\xampp\htdocs\Ejercicios_Tema4_4.5\Ejercicio6\datos_conexion.php on line 21
[25-Nov-2024 13:05:48 Europe/Berlin] PHP Fatal error:  Uncaught mysqli_sql_exception: Access denied for user 'root'@'localhost' (using password: YES) in C:\xampp\htdocs\Ejercicios_Tema4_4.5\Ejercicio6\datos_conexion.php:21
Stack trace:
#0 C:\xampp\htdocs\Ejercicios_Tema4_4.5\Ejercicio6\datos_conexion.php(21): mysqli_connect('localhost', 'root', Object(SensitiveParameterValue), 'curso_php')
#1 {main}
  thrown in C:\xampp\htdocs\Ejercicios_Tema4_4.5\Ejercicio6\datos_conexion.php on line 21
[25-Nov-2024 13:05:48 Europe/Berlin] PHP Fatal error:  Uncaught mysqli_sql_exception: Access denied for user 'root'@'localhost' (using password: YES) in C:\xampp\htdocs\Ejercicios_Tema4_4.5\Ejercicio6\datos_conexion.php:21
Stack trace:
#0 C:\xampp\htdocs\Ejercicios_Tema4_4.5\Ejercicio6\datos_conexion.php(21): mysqli_connect('localhost', 'root', Object(SensitiveParameterValue), 'curso_php')
#1 {main}
  thrown in C:\xampp\htdocs\Ejercicios_Tema4_4.5\Ejercicio6\datos_conexion.php on line 21
[25-Nov-2024 13:06:18 Europe/Berlin] Error de conexión: Access denied for user 'root'@'localhost' (using password: YES)
[25-Nov-2024 13:06:18 Europe/Berlin] Error de conexión: Access denied for user 'root'@'localhost' (using password: YES)
